15:11:38.102 INFO Test execution started: order_capturing
15:11:38.102 INFO Browser: chrome
15:11:38.102 INFO Environment: test_env
15:11:38.103 INFO Using data:
    doc_group: REAL PROPERTY
    doc_type: ABANDONMENT
    url: http://{}:{}@10.0.1.73:8001/69999/?ReturnUrl=https://crs.qa.kofile.com/69999/Account/ReturnClaim&amp;Referrer=
15:11:41.347 INFO Navigate to: 'http://User1:Automation_1_3@10.0.1.73:8001/69999/?ReturnUrl=https://crs.qa.kofile.com/69999/Account/ReturnClaim&amp;Referrer='
15:11:51.111 INFO Click captureTab
15:11:55.385 INFO Waiting for 3 seconds
15:11:58.414 INFO Click startScanButton
15:12:02.096 INFO Waiting for 3 seconds
15:12:05.137 INFO Click //a[@class='startBatchScanBtn clickable']
15:12:05.206 INFO Waiting for 40 seconds
15:12:45.249 INFO Click editButton
15:12:45.380 INFO Write 'REAL PROPERTY' in element //div[@class='floating-field']/input
15:12:45.534 INFO Waiting for 2 seconds
15:12:47.554 INFO Press key: 'ENTER' in element //div[@class='floating-field']/input
15:12:47.595 INFO Write 'ABANDONMENT' in element //div[@class='floating-field']/input
15:12:47.743 INFO Waiting for 2 seconds
15:12:49.773 INFO Press key: 'ENTER' in element //div[@class='floating-field']/input
15:12:49.848 INFO Write '6446' in element //div[@class='floating-field']/input
15:12:49.919 INFO Clear element //div[@class='floating-field']/input
15:12:49.982 INFO Write '4' in element //div[@class='floating-field']/input
15:12:50.035 INFO Click editButton
15:12:50.070 INFO Waiting for 7 seconds
15:12:57.107 INFO Click saveAndExit
15:12:57.182 INFO Test end
15:12:59.697 INFO Test Result: SUCCESS
