14:15:47.457 INFO Test execution started: order_creation
14:15:47.458 INFO Browser: chrome
14:15:47.458 INFO Environment: test_env
14:15:47.458 INFO Using data:
    order_type: Real Property Recordings
    document_type: ABANDONMENT
    num_of_pages: 1
    section: GRANTOR
    first_name: fname
    section2: GRANTEE
    parceId: 1
    url: http://{}:{}@10.0.1.73:8001/69999/?ReturnUrl=https://crs.qa.kofile.com/69999/Account/ReturnClaim&amp;Referrer=
14:15:50.673 INFO Navigate to: 'http://User1:Automation_1_3@10.0.1.73:8001/69999/?ReturnUrl=https://crs.qa.kofile.com/69999/Account/ReturnClaim&amp;Referrer='
14:15:58.231 INFO Click addNewOrderButton
14:16:00.716 INFO Waiting for 3 seconds
14:16:03.755 INFO Click orderTypeDropdown
14:16:03.885 INFO Click //select[@id='orderTypeId']/option[text()='Real Property Recordings']
14:16:07.567 INFO Click documentTypeDropdown
14:16:07.683 INFO Click //select[@id='Order_OrderItems[0]_Document_DocumentTypeId']/option[text()='ABANDONMENT']
14:16:07.763 INFO Test end
14:16:10.377 INFO Test Result: SUCCESS
