16:19:44.412 INFO Test execution started: order_creation
16:19:44.412 INFO Browser: chrome
16:19:44.413 INFO Environment: test_env
16:19:44.413 INFO Using data:
    order_type: Real Property Recordings
    document_type: ABANDONMENT
    num_of_pages: 1
    section: GRANTOR
    first_name: fname
    section2: GRANTEE
    parceId: 1
    name: auto test
    payment_method: Cash
    url: http://{}:{}@10.0.1.73:8001/69999/?ReturnUrl=https://crs.qa.kofile.com/69999/Account/ReturnClaim&amp;Referrer=
16:19:47.635 INFO Navigate to: 'http://User1:Automation_1_3@10.0.1.73:8001/69999/?ReturnUrl=https://crs.qa.kofile.com/69999/Account/ReturnClaim&amp;Referrer='
16:20:00.853 INFO Click addNewOrderButton
16:20:03.230 INFO Waiting for 3 seconds
16:20:06.270 INFO Click orderTypeDropdown
16:20:06.393 INFO Click //select[@id='orderTypeId']/option[text()='Real Property Recordings']
16:20:15.457 INFO Click documentTypeDropdown
16:20:15.587 INFO Click //select[@id='Order_OrderItems[0]_Document_DocumentTypeId']/option[text()='ABANDONMENT']
16:20:15.680 INFO Write '1' in element numberOfPages
16:20:15.806 INFO Click partiesTab
16:20:15.938 INFO Write 'fname' in element //div[@class='block-header-with-bg']/label[text()='GRANTOR']/parent::div/following-sibling::div//input[@placeholder='First Name']
16:20:16.184 INFO Write 'fname' in element //div[@class='block-header-with-bg']/label[text()='GRANTEE']/parent::div/following-sibling::div//input[@placeholder='First Name']
16:20:16.345 INFO Click propertiesTab
16:20:16.425 INFO Write '1' in element partiesTab
16:20:16.513 INFO Write 'auto test' in element nameInput
16:20:16.745 INFO Waiting for 3 seconds
16:20:19.746 INFO Execute javascript code 'window.scrollTo(0, 1000)' with args '()'
16:20:19.819 INFO Click addToOrderButton
16:20:28.239 INFO Click checkoutButton
16:20:33.801 INFO Click //select[@class='pagedropdown width80']
16:20:33.892 INFO Click //select[@class='pagedropdown width80']/option[text()='Cash']
16:20:33.951 INFO Write '30.00' in element //ul[@class='horizantal']/li[3]/input
16:20:34.058 INFO Test end
16:20:36.685 INFO Test Result: SUCCESS
