13:21:59.258 INFO Test execution started: order_capturing
13:21:59.258 INFO Browser: chrome
13:21:59.259 INFO Environment: test_env
13:21:59.259 INFO Using data:
    url: http://{}:{}@10.0.1.73:8001/69999/?ReturnUrl=https://crs.qa.kofile.com/69999/Account/ReturnClaim&amp;Referrer=
13:22:02.512 INFO Navigate to: 'http://User1:Automation_1_3@10.0.1.73:8001/69999/?ReturnUrl=https://crs.qa.kofile.com/69999/Account/ReturnClaim&amp;Referrer='
13:22:11.970 INFO Click captureTab
13:22:15.680 INFO Waiting for 3 seconds
13:22:18.692 INFO Click startScanButton
13:22:21.589 INFO Waiting for 3 seconds
13:22:24.616 INFO Click //a[@class='startBatchScanBtn clickable']
13:22:24.673 INFO Waiting for 5 seconds
13:22:45.019 ERROR ElementNotFound: Element editButton not found using selector css:'.orderAdminiconedit'
Traceback (most recent call last):
  File "c:\users\alexandr.may\appdata\local\programs\python\python37-32\lib\site-packages\golem\test_runner\test_runner.py", line 173, in run_test
    self.test_module.test(execution.data)
  File "C:\Users\alexandr.may\testdir\projects\some_project\tests\order_capturing.py", line 22, in test
    a.click(capture_tab_page.editButton)
  File "c:\users\alexandr.may\appdata\local\programs\python\python37-32\lib\site-packages\golem\actions.py", line 983, in click
    element = browser.get_browser().find(element)
  File "c:\users\alexandr.may\appdata\local\programs\python\python37-32\lib\site-packages\golem\webdriver\extended_driver.py", line 177, in find
    return common._find(self, **kwargs)
  File "c:\users\alexandr.may\appdata\local\programs\python\python37-32\lib\site-packages\golem\webdriver\common.py", line 122, in _find
    element_name, timeout, wait_displayed)
  File "c:\users\alexandr.may\appdata\local\programs\python\python37-32\lib\site-packages\golem\webdriver\common.py", line 47, in _find_webelement
    .format(element_name, selector_type, selector_value))
golem.core.exceptions.ElementNotFound: Element editButton not found using selector css:'.orderAdminiconedit'

13:22:47.711 INFO Test Result: CODE ERROR
