16:53:12.300 INFO Test execution started: func
16:53:12.300 INFO Browser: chrome-remote
16:53:12.301 INFO Environment: test_env
16:53:12.301 INFO Using data:
    url: http://{}:{}@10.0.1.73:8001/69999/?ReturnUrl=https://crs.qa.kofile.com/69999/Account/ReturnClaim&amp;Referrer=
16:53:12.945 INFO Navigate to: 'http://User1:Automation_1_3@10.0.1.73:8001/69999/?ReturnUrl=https://crs.qa.kofile.com/69999/Account/ReturnClaim&amp;Referrer='
16:53:24.829 INFO Click addNewOrderButton
16:53:26.843 INFO Waiting for 3 seconds
16:53:29.903 INFO Click orderTypeDropdown
16:53:30.041 INFO Click //select[@id='orderTypeId']/option[text()='Alcohol Permit']
16:53:33.842 INFO Write 'test_name' in element nameInput
16:53:34.092 INFO Waiting for 3 seconds
16:53:37.092 INFO Execute javascript code 'window.scrollTo(0, 1000)' with args '()'
16:53:37.169 INFO Click addToOrderButton
16:53:42.660 INFO Click newOrderItemButton
16:53:44.125 INFO Click //select[@id='orderTypeId']/option[text()='Bond to Indemnify - Payment']
16:53:45.682 INFO Write '1' in element numberOfPages
16:53:45.772 INFO Execute javascript code 'window.scrollTo(0, 1000)' with args '()'
16:53:45.834 INFO Click addToOrderButton
16:53:46.762 INFO Waiting for 3 seconds
16:53:52.943 ERROR IncorrectSelectorType: Selector is not a valid option
Traceback (most recent call last):
  File "c:\users\alexandr.may\appdata\local\programs\python\python37-32\lib\site-packages\golem\test_runner\test_runner.py", line 173, in run_test
    self.test_module.test(execution.data)
  File "C:\Users\alexandr.may\testdir\projects\some_project\tests\func.py", line 29, in test
    print(a.get_element_text(new_order_page_form.findElementByTitle('Pric', 2)))
  File "c:\users\alexandr.may\appdata\local\programs\python\python37-32\lib\site-packages\golem\actions.py", line 1259, in get_element_text
    element = get_browser().find(element)
  File "c:\users\alexandr.may\appdata\local\programs\python\python37-32\lib\site-packages\golem\webdriver\extended_driver.py", line 177, in find
    return common._find(self, **kwargs)
  File "c:\users\alexandr.may\appdata\local\programs\python\python37-32\lib\site-packages\golem\webdriver\common.py", line 118, in _find
    raise IncorrectSelectorType('Selector is not a valid option')
golem.core.exceptions.IncorrectSelectorType: Selector is not a valid option

16:53:53.161 INFO Test Result: CODE ERROR
