14:35:09.724 INFO Test execution started: order_capturing
14:35:09.724 INFO Browser: chrome
14:35:09.725 INFO Environment: test_env
14:35:09.725 INFO Using data:
    doc_group: REAL PROPERTY
    doc_type: ABANDONMENT
    url: http://{}:{}@10.0.1.73:8001/69999/?ReturnUrl=https://crs.qa.kofile.com/69999/Account/ReturnClaim&amp;Referrer=
14:35:13.052 INFO Navigate to: 'http://User1:Automation_1_3@10.0.1.73:8001/69999/?ReturnUrl=https://crs.qa.kofile.com/69999/Account/ReturnClaim&amp;Referrer='
14:35:22.911 INFO Click captureTab
14:35:26.924 INFO Waiting for 3 seconds
14:35:29.963 INFO Click startScanButton
14:35:34.214 INFO Waiting for 3 seconds
14:35:37.257 INFO Click //a[@class='startBatchScanBtn clickable']
14:35:37.340 INFO Wait for element ('css', '.orderAdminiconedit', 'editButton') to be displayed
14:35:51.718 INFO Click editButton
14:35:51.832 INFO Write 'REAL PROPERTY' in element //div[@class='floating-field']/input
14:35:52.000 INFO Write 'ABANDONMENT' in element //div[@class='floating-field']/input
14:35:52.132 INFO Write '6446' in element //div[@class='floating-field']/input
14:35:52.223 INFO Write '4' in element //div[@class='floating-field']/input
14:35:52.332 INFO Waiting for 5 seconds
14:35:57.333 INFO Test end
14:35:59.830 INFO Test Result: SUCCESS
