15:42:34.132 INFO Test execution started: order_creation
15:42:34.133 INFO Browser: chrome
15:42:34.133 INFO Environment: test_env
15:42:34.134 INFO Using data:
    order_type: Real Property Recordings
    document_type: ABANDONMENT
    num_of_pages: 1
    section: GRANTOR
    first_name: fname
    section2: GRANTEE
    parceId: 1
    name: auto test
    url: http://{}:{}@10.0.1.73:8001/69999/?ReturnUrl=https://crs.qa.kofile.com/69999/Account/ReturnClaim&amp;Referrer=
15:42:37.356 INFO Navigate to: 'http://User1:Automation_1_3@10.0.1.73:8001/69999/?ReturnUrl=https://crs.qa.kofile.com/69999/Account/ReturnClaim&amp;Referrer='
15:42:47.436 INFO Click addNewOrderButton
15:42:48.923 INFO Waiting for 3 seconds
15:42:51.961 INFO Write 'auto test' in element nameInput
15:42:52.147 INFO Click orderTypeDropdown
15:42:52.266 INFO Click //select[@id='orderTypeId']/option[text()='Real Property Recordings']
15:42:54.654 INFO Click documentTypeDropdown
15:42:54.780 INFO Click //select[@id='Order_OrderItems[0]_Document_DocumentTypeId']/option[text()='ABANDONMENT']
15:42:54.879 INFO Write '1' in element numberOfPages
15:42:54.988 INFO Click partiesTab
15:42:55.092 INFO Write 'fname' in element //div[@class='block-header-with-bg']/label[text()='GRANTOR']/parent::div/following-sibling::div//input[@placeholder='First Name']
15:42:55.339 INFO Write 'fname' in element //div[@class='block-header-with-bg']/label[text()='GRANTEE']/parent::div/following-sibling::div//input[@placeholder='First Name']
15:42:55.505 INFO Click propertiesTab
15:42:55.580 INFO Write '1' in element partiesTab
15:42:55.648 INFO Execute javascript code 'window.scrollTo(0, 1000)' with args '()'
15:42:55.686 INFO Click addToOrderButton
15:42:55.733 INFO Test end
15:42:58.284 INFO Test Result: SUCCESS
