14:05:35.797 INFO Test execution started: func
14:05:35.797 INFO Browser: chrome
14:05:35.797 INFO Environment: test_env
14:05:35.798 INFO Using data:
    url: http://{}:{}@10.0.1.73:8001/69999/?ReturnUrl=https://crs.qa.kofile.com/69999/Account/ReturnClaim&amp;Referrer=
14:05:39.031 INFO Navigate to: 'http://User1:Automation_1_3@10.0.1.73:8001/69999/?ReturnUrl=https://crs.qa.kofile.com/69999/Account/ReturnClaim&amp;Referrer='
14:05:49.951 INFO Click addNewOrderButton
14:05:52.246 INFO Waiting for 3 seconds
14:05:55.272 INFO Click orderTypeDropdown
14:05:55.383 INFO Click //select[@id='orderTypeId']/option[text()='Alcohol Permit']
14:05:57.762 INFO Write 'test_name' in element nameInput
14:05:57.942 INFO Waiting for 3 seconds
14:06:00.943 INFO Execute javascript code 'window.scrollTo(0, 1000)' with args '()'
14:06:00.999 INFO Click addToOrderButton
14:06:06.353 INFO Click newOrderItemButton
14:06:08.906 INFO Click //select[@id='orderTypeId']/option[text()='Bond to Indemnify - Payment']
14:06:13.416 INFO Write '1' in element numberOfPages
14:06:13.498 INFO Execute javascript code 'window.scrollTo(0, 1000)' with args '()'
14:06:13.524 INFO Click addToOrderButton
14:06:14.609 INFO Waiting for 3 seconds
14:06:18.830 INFO Test end
14:06:21.384 INFO Test Result: SUCCESS
