11:48:20.457 INFO Test execution started: order_finalization
11:48:20.458 INFO Browser: chrome
11:48:20.458 INFO Environment: test_env
11:48:20.458 INFO Using data:
    url: http://{}:{}@10.0.1.73:8001/69999/?ReturnUrl=https://crs.qa.kofile.com/69999/Account/ReturnClaim&amp;Referrer=
11:48:23.614 INFO Navigate to: 'http://User1:Automation_1_3@10.0.1.73:8001/69999/?ReturnUrl=https://crs.qa.kofile.com/69999/Account/ReturnClaim&amp;Referrer='
11:48:32.951 INFO Click addNewOrderButton
11:48:34.397 INFO Waiting for 3 seconds
11:48:37.440 INFO Click orderTypeDropdown
11:48:37.554 INFO Click //select[@id='orderTypeId']/option[text()='Alcohol Permit']
11:48:38.903 INFO Write 'test_name' in element nameInput
11:48:39.089 INFO Waiting for 3 seconds
11:48:42.091 INFO Execute javascript code 'window.scrollTo(0, 1000)' with args '()'
11:48:42.112 INFO Click addToOrderButton
11:48:46.239 INFO Click newOrderItemButton
11:48:47.487 INFO Click //select[@id='orderTypeId']/option[text()='Bond to Indemnify - Payment']
11:48:49.125 INFO Write '1' in element numberOfPages
11:48:49.202 INFO Execute javascript code 'window.scrollTo(0, 1000)' with args '()'
11:48:49.223 INFO Click addToOrderButton
11:48:50.141 INFO Waiting for 3 seconds
11:48:56.574 INFO Test Result: CODE ERROR
