14:35:40.299 INFO Test execution started: order_creation
14:35:40.300 INFO Browser: chrome
14:35:40.300 INFO Environment: test_env
14:35:40.301 INFO Using data:
    order_type: Real Property Recordings
    document_type: ABANDONMENT
    num_of_pages: 1
    section: GRANTEE
    first_name: fname
    section2: GRANTEE
    parceId: 1
    url: http://{}:{}@10.0.1.73:8001/69999/?ReturnUrl=https://crs.qa.kofile.com/69999/Account/ReturnClaim&amp;Referrer=
14:35:43.519 INFO Navigate to: 'http://User1:Automation_1_3@10.0.1.73:8001/69999/?ReturnUrl=https://crs.qa.kofile.com/69999/Account/ReturnClaim&amp;Referrer='
14:35:52.543 INFO Click addNewOrderButton
14:35:54.058 INFO Waiting for 3 seconds
14:35:57.097 INFO Click orderTypeDropdown
14:35:57.203 INFO Click //select[@id='orderTypeId']/option[text()='Real Property Recordings']
14:36:02.511 INFO Click documentTypeDropdown
14:36:02.636 INFO Click //select[@id='Order_OrderItems[0]_Document_DocumentTypeId']/option[text()='ABANDONMENT']
14:36:02.740 INFO Write '1' in element numberOfPages
14:36:02.846 INFO Click partiesTab
14:36:02.955 INFO Write 'fname' in element //input[@placeholder='First Name']
14:36:03.206 INFO Write 'fname' in element //input[@placeholder='First Name']
14:36:03.309 INFO Click propertiesTab
14:36:18.538 ERROR ElementNotFound: Element .display-inline-block parcelid-field floating-field > input not found using selector css:'.display-inline-block parcelid-field floating-field > input'
Traceback (most recent call last):
  File "c:\users\alexandr.may\appdata\local\programs\python\python37-32\lib\site-packages\golem\test_runner\test_runner.py", line 173, in run_test
    self.test_module.test(execution.data)
  File "C:\Users\alexandr.may\testdir\projects\some_project\tests\order_creation.py", line 25, in test
    a.send_keys(new_order_page_form.parcelIdInput, data.parceId)
  File "c:\users\alexandr.may\appdata\local\programs\python\python37-32\lib\site-packages\golem\actions.py", line 1619, in send_keys
    element = get_browser().find(element)
  File "c:\users\alexandr.may\appdata\local\programs\python\python37-32\lib\site-packages\golem\webdriver\extended_driver.py", line 177, in find
    return common._find(self, **kwargs)
  File "c:\users\alexandr.may\appdata\local\programs\python\python37-32\lib\site-packages\golem\webdriver\common.py", line 122, in _find
    element_name, timeout, wait_displayed)
  File "c:\users\alexandr.may\appdata\local\programs\python\python37-32\lib\site-packages\golem\webdriver\common.py", line 47, in _find_webelement
    .format(element_name, selector_type, selector_value))
golem.core.exceptions.ElementNotFound: Element .display-inline-block parcelid-field floating-field > input not found using selector css:'.display-inline-block parcelid-field floating-field > input'

14:36:21.068 INFO Test Result: CODE ERROR
