13:20:16.535 INFO Test execution started: order_capturing
13:20:16.536 INFO Browser: chrome
13:20:16.536 INFO Environment: test_env
13:20:16.537 INFO Using data:
    url: http://{}:{}@10.0.1.73:8001/69999/?ReturnUrl=https://crs.qa.kofile.com/69999/Account/ReturnClaim&amp;Referrer=
13:20:19.753 INFO Navigate to: 'http://User1:Automation_1_3@10.0.1.73:8001/69999/?ReturnUrl=https://crs.qa.kofile.com/69999/Account/ReturnClaim&amp;Referrer='
13:20:27.958 INFO Click captureTab
13:20:31.323 INFO Waiting for 3 seconds
13:20:34.365 INFO Click startScanButton
13:20:38.566 INFO Waiting for 3 seconds
13:20:56.880 ERROR ElementNotFound: Element startScanButton not found using selector css:'.startBatchScanBtn clickable'
Traceback (most recent call last):
  File "c:\users\alexandr.may\appdata\local\programs\python\python37-32\lib\site-packages\golem\test_runner\test_runner.py", line 173, in run_test
    self.test_module.test(execution.data)
  File "C:\Users\alexandr.may\testdir\projects\some_project\tests\order_capturing.py", line 20, in test
    a.click(capture_tab_page.startScanButton)
  File "c:\users\alexandr.may\appdata\local\programs\python\python37-32\lib\site-packages\golem\actions.py", line 983, in click
    element = browser.get_browser().find(element)
  File "c:\users\alexandr.may\appdata\local\programs\python\python37-32\lib\site-packages\golem\webdriver\extended_driver.py", line 177, in find
    return common._find(self, **kwargs)
  File "c:\users\alexandr.may\appdata\local\programs\python\python37-32\lib\site-packages\golem\webdriver\common.py", line 122, in _find
    element_name, timeout, wait_displayed)
  File "c:\users\alexandr.may\appdata\local\programs\python\python37-32\lib\site-packages\golem\webdriver\common.py", line 47, in _find_webelement
    .format(element_name, selector_type, selector_value))
golem.core.exceptions.ElementNotFound: Element startScanButton not found using selector css:'.startBatchScanBtn clickable'

13:20:59.423 INFO Test Result: CODE ERROR
