12:54:43.092 INFO Test execution started: order_finalization
12:54:43.093 INFO Browser: chrome-remote
12:54:43.093 INFO Environment: test_env
12:54:43.093 INFO Using data:
    url: http://{}:{}@10.0.1.73:8001/69999/?ReturnUrl=https://crs.qa.kofile.com/69999/Account/ReturnClaim&amp;Referrer=
12:54:43.950 INFO Navigate to: 'http://User1:Automation_1_3@10.0.1.73:8001/69999/?ReturnUrl=https://crs.qa.kofile.com/69999/Account/ReturnClaim&amp;Referrer='
12:54:55.245 INFO Click addNewOrderButton
12:54:57.587 INFO Waiting for 3 seconds
12:55:00.607 INFO Click orderTypeDropdown
12:55:00.721 INFO Click //select[@id='orderTypeId']/option[text()='Alcohol Permit']
12:55:03.149 INFO Write 'test_name' in element nameInput
12:55:03.458 INFO Waiting for 3 seconds
12:55:06.458 INFO Execute javascript code 'window.scrollTo(0, 1000)' with args '()'
12:55:06.544 INFO Click addToOrderButton
12:55:12.089 INFO Click newOrderItemButton
12:55:14.027 INFO Click //select[@id='orderTypeId']/option[text()='Bond to Indemnify - Payment']
12:55:15.557 INFO Write '1' in element numberOfPages
12:55:15.633 INFO Execute javascript code 'window.scrollTo(0, 1000)' with args '()'
12:55:15.695 INFO Click addToOrderButton
12:55:16.613 INFO Waiting for 3 seconds
12:55:19.830 ERROR IncorrectSelectorType: Selector is not a valid option
Traceback (most recent call last):
  File "c:\users\alexandr.may\appdata\local\programs\python\python37-32\lib\site-packages\golem\test_runner\test_runner.py", line 173, in run_test
    self.test_module.test(execution.data)
  File "C:\Users\alexandr.may\testdir\projects\some_project\tests\order_finalization.py", line 33, in test
    print(a.get_element_text(new_order_page_form.findElementByTitle('Price', 2, 'orderSummary')))
  File "c:\users\alexandr.may\appdata\local\programs\python\python37-32\lib\site-packages\golem\actions.py", line 1259, in get_element_text
    element = get_browser().find(element)
  File "c:\users\alexandr.may\appdata\local\programs\python\python37-32\lib\site-packages\golem\webdriver\extended_driver.py", line 177, in find
    return common._find(self, **kwargs)
  File "c:\users\alexandr.may\appdata\local\programs\python\python37-32\lib\site-packages\golem\webdriver\common.py", line 118, in _find
    raise IncorrectSelectorType('Selector is not a valid option')
golem.core.exceptions.IncorrectSelectorType: Selector is not a valid option

12:55:19.990 INFO Close browser
12:55:20.049 INFO Test Result: CODE ERROR
