17:15:08.430 INFO Test execution started: capture
17:15:08.430 INFO Browser: chrome
17:15:08.431 INFO Environment: test_env
17:15:08.431 INFO Using data:
    url: http://{}:{}@10.0.1.73:8001/69999/?ReturnUrl=https://crs.qa.kofile.com/69999/Account/ReturnClaim&amp;Referrer=
17:15:11.673 INFO Navigate to: 'http://User1:Automation_1_3@10.0.1.73:8001/69999/?ReturnUrl=https://crs.qa.kofile.com/69999/Account/ReturnClaim&amp;Referrer='
17:15:21.848 INFO Waiting for 3 seconds
17:15:40.224 ERROR ElementNotFound: Element .//td[text()='20191107000205']/child::a[@class='iconredirectorder '] not found using selector xpath:'.//td[text()='20191107000205']/child::a[@class='iconredirectorder ']'
Traceback (most recent call last):
  File "c:\users\alexandr.may\appdata\local\programs\python\python37-32\lib\site-packages\golem\test_runner\test_runner.py", line 173, in run_test
    self.test_module.test(execution.data)
  File "C:\Users\alexandr.may\testdir\projects\some_project\tests\capture.py", line 20, in test
    print(a.click(new_order_page_form.runningMan('20191107000205')))
  File "C:\Users\alexandr.may\testdir\projects\some_project\pages\new_order_page_form.py", line 43, in runningMan
    return golemDriver.find(xpath=".//td[text()='{}']/child::a[@class='iconredirectorder ']".format(key))
  File "c:\users\alexandr.may\appdata\local\programs\python\python37-32\lib\site-packages\golem\webdriver\extended_driver.py", line 177, in find
    return common._find(self, **kwargs)
  File "c:\users\alexandr.may\appdata\local\programs\python\python37-32\lib\site-packages\golem\webdriver\common.py", line 122, in _find
    element_name, timeout, wait_displayed)
  File "c:\users\alexandr.may\appdata\local\programs\python\python37-32\lib\site-packages\golem\webdriver\common.py", line 47, in _find_webelement
    .format(element_name, selector_type, selector_value))
golem.core.exceptions.ElementNotFound: Element .//td[text()='20191107000205']/child::a[@class='iconredirectorder '] not found using selector xpath:'.//td[text()='20191107000205']/child::a[@class='iconredirectorder ']'

17:15:40.609 INFO Close browser
17:15:42.773 INFO Test Result: CODE ERROR
