13:09:20.433 INFO Test execution started: order_finalization
13:09:20.434 INFO Browser: chrome
13:09:20.434 INFO Environment: test_env
13:09:20.435 INFO Using data:
    url: http://{}:{}@10.0.1.73:8001/69999/?ReturnUrl=https://crs.qa.kofile.com/69999/Account/ReturnClaim&amp;Referrer=
13:09:23.608 INFO Navigate to: 'http://User1:Automation_1_3@10.0.1.73:8001/69999/?ReturnUrl=https://crs.qa.kofile.com/69999/Account/ReturnClaim&amp;Referrer='
13:09:32.371 INFO Click addNewOrderButton
13:09:33.807 INFO Waiting for 3 seconds
13:09:36.848 INFO Click orderTypeDropdown
13:09:36.961 INFO Click //select[@id='orderTypeId']/option[text()='Alcohol Permit']
13:09:38.900 INFO Write 'test_name' in element nameInput
13:09:39.076 INFO Waiting for 3 seconds
13:09:42.077 INFO Execute javascript code 'window.scrollTo(0, 1000)' with args '()'
13:09:42.097 INFO Click addToOrderButton
13:09:46.359 INFO Click newOrderItemButton
13:09:47.795 INFO Click //select[@id='orderTypeId']/option[text()='Bond to Indemnify - Payment']
13:09:49.402 INFO Write '1' in element numberOfPages
13:09:49.494 INFO Execute javascript code 'window.scrollTo(0, 1000)' with args '()'
13:09:49.511 INFO Click addToOrderButton
13:09:50.305 INFO Waiting for 3 seconds
13:09:54.321 ERROR IncorrectSelectorType: Selector is not a valid option
Traceback (most recent call last):
  File "c:\users\alexandr.may\appdata\local\programs\python\python37-32\lib\site-packages\golem\test_runner\test_runner.py", line 173, in run_test
    self.test_module.test(execution.data)
  File "C:\Users\alexandr.may\testdir\projects\some_project\tests\order_finalization.py", line 33, in test
    print(a.get_element_text(new_order_page_form.findElementByTitle('Price', 2, 'orderSummary')))
  File "c:\users\alexandr.may\appdata\local\programs\python\python37-32\lib\site-packages\golem\actions.py", line 1259, in get_element_text
    element = get_browser().find(element)
  File "c:\users\alexandr.may\appdata\local\programs\python\python37-32\lib\site-packages\golem\webdriver\extended_driver.py", line 177, in find
    return common._find(self, **kwargs)
  File "c:\users\alexandr.may\appdata\local\programs\python\python37-32\lib\site-packages\golem\webdriver\common.py", line 118, in _find
    raise IncorrectSelectorType('Selector is not a valid option')
golem.core.exceptions.IncorrectSelectorType: Selector is not a valid option

13:09:54.773 INFO Close browser
13:09:56.974 INFO Test Result: CODE ERROR
