17:38:38.097 INFO Test execution started: func2
17:38:38.097 INFO Browser: chrome
17:38:38.098 INFO Environment: test_env
17:38:38.098 INFO Using data:
    url: http://{}:{}@10.0.1.73:8001/69999/?ReturnUrl=https://crs.qa.kofile.com/69999/Account/ReturnClaim&amp;Referrer=
17:38:41.243 INFO Navigate to: 'http://User1:Automation_1_3@10.0.1.73:8001/69999/?ReturnUrl=https://crs.qa.kofile.com/69999/Account/ReturnClaim&amp;Referrer='
17:38:50.893 INFO Click addNewOrderButton
17:38:52.599 INFO Waiting for 3 seconds
17:38:55.634 INFO Click orderTypeDropdown
17:38:55.742 INFO Click //select[@id='orderTypeId']/option[text()='Governmentals']
17:38:57.861 INFO Write 'test_name' in element nameInput
17:38:58.099 INFO Waiting for 3 seconds
17:39:01.141 INFO Click documentTypeDropdown
17:39:01.270 INFO Click //select[@id='Order_OrderItems[0]_Document_DocumentTypeId']/option[text()='ADOPTION PETITION']
17:39:01.331 INFO Write '1' in element numberOfPages
17:39:01.450 INFO Execute javascript code 'window.scrollTo(0, 1000)' with args '()'
17:39:01.467 INFO Click addToOrderButton
17:39:02.426 ERROR IncorrectSelectorType: Selector is not a valid option
Traceback (most recent call last):
  File "c:\users\alexandr.may\appdata\local\programs\python\python37-32\lib\site-packages\golem\test_runner\test_runner.py", line 173, in run_test
    self.test_module.test(execution.data)
  File "C:\Users\alexandr.may\testdir\projects\some_project\tests\func2.py", line 29, in test
    print(a.get_element_text(table.findElementByTitle('none', 3)))
  File "c:\users\alexandr.may\appdata\local\programs\python\python37-32\lib\site-packages\golem\actions.py", line 1259, in get_element_text
    element = get_browser().find(element)
  File "c:\users\alexandr.may\appdata\local\programs\python\python37-32\lib\site-packages\golem\webdriver\extended_driver.py", line 177, in find
    return common._find(self, **kwargs)
  File "c:\users\alexandr.may\appdata\local\programs\python\python37-32\lib\site-packages\golem\webdriver\common.py", line 118, in _find
    raise IncorrectSelectorType('Selector is not a valid option')
golem.core.exceptions.IncorrectSelectorType: Selector is not a valid option

17:39:05.217 INFO Test Result: CODE ERROR
