16:46:47.378 INFO Test execution started: order_creation
16:46:47.394 INFO Browser: chrome
16:46:47.394 INFO Environment: test_env
16:46:47.394 INFO Using data:
    order_type: Real Property Recordings
    document_type: ABANDONMENT
    num_of_pages: 1
    section: GRANTOR
    first_name: fname
    section2: GRANTEE
    parceId: 1
    name: auto test
    payment_method: Cash
    url: http://{}:{}@10.0.1.73:8001/69999/?ReturnUrl=https://crs.qa.kofile.com/69999/Account/ReturnClaim&amp;Referrer=
16:46:50.679 INFO Navigate to: 'http://User1:Automation_1_3@10.0.1.73:8001/69999/?ReturnUrl=https://crs.qa.kofile.com/69999/Account/ReturnClaim&amp;Referrer='
16:46:59.425 INFO Click addNewOrderButton
16:47:03.767 INFO Waiting for 3 seconds
16:47:06.794 INFO Click orderTypeDropdown
16:47:06.890 INFO Click //select[@id='orderTypeId']/option[text()='Real Property Recordings']
16:47:10.310 INFO Click documentTypeDropdown
16:47:10.446 INFO Click //select[@id='Order_OrderItems[0]_Document_DocumentTypeId']/option[text()='ABANDONMENT']
16:47:10.537 INFO Write '1' in element numberOfPages
16:47:10.637 INFO Click partiesTab
16:47:10.836 INFO Write 'fname' in element //div[@class='block-header-with-bg']/label[text()='GRANTOR']/parent::div/following-sibling::div//input[@placeholder='First Name']
16:47:10.996 INFO Write 'fname' in element //div[@class='block-header-with-bg']/label[text()='GRANTEE']/parent::div/following-sibling::div//input[@placeholder='First Name']
16:47:11.170 INFO Click propertiesTab
16:47:11.248 INFO Write '1' in element partiesTab
16:47:11.330 INFO Write 'auto test' in element nameInput
16:47:11.556 INFO Waiting for 3 seconds
16:47:14.557 INFO Execute javascript code 'window.scrollTo(0, 1000)' with args '()'
16:47:14.614 INFO Click addToOrderButton
16:47:20.318 INFO Click checkoutButton
16:47:23.456 INFO Click //select[@class='pagedropdown width80']
16:47:23.579 INFO Click //select[@class='pagedropdown width80']/option[text()='Cash']
16:47:23.627 INFO Write '30.00' in element //ul[@class='horizantal']/li[4]/input
16:47:23.745 INFO Click orderPaymentCheckout
16:47:34.913 INFO Test end
16:47:37.402 INFO Test Result: SUCCESS
