12:59:44.413 INFO Test execution started: order_finalization
12:59:44.413 INFO Browser: chrome-remote
12:59:44.414 INFO Environment: test_env
12:59:44.414 INFO Using data:
    url: http://{}:{}@10.0.1.73:8001/69999/?ReturnUrl=https://crs.qa.kofile.com/69999/Account/ReturnClaim&amp;Referrer=
12:59:45.037 INFO Navigate to: 'http://User1:Automation_1_3@10.0.1.73:8001/69999/?ReturnUrl=https://crs.qa.kofile.com/69999/Account/ReturnClaim&amp;Referrer='
12:59:57.272 INFO Click addNewOrderButton
12:59:58.885 INFO Waiting for 3 seconds
13:00:01.913 INFO Click orderTypeDropdown
13:00:02.074 INFO Click //select[@id='orderTypeId']/option[text()='Alcohol Permit']
13:00:03.509 INFO Write 'test_name' in element nameInput
13:00:03.728 INFO Waiting for 3 seconds
13:00:06.728 INFO Execute javascript code 'window.scrollTo(0, 1000)' with args '()'
13:00:06.812 INFO Click addToOrderButton
13:00:11.451 INFO Click newOrderItemButton
13:00:12.787 INFO Click //select[@id='orderTypeId']/option[text()='Bond to Indemnify - Payment']
13:00:14.489 INFO Write '1' in element numberOfPages
13:00:14.622 INFO Execute javascript code 'window.scrollTo(0, 1000)' with args '()'
13:00:14.677 INFO Click addToOrderButton
13:00:15.500 INFO Waiting for 3 seconds
13:00:18.527 ERROR IncorrectSelectorType: Selector is not a valid option
Traceback (most recent call last):
  File "c:\users\alexandr.may\appdata\local\programs\python\python37-32\lib\site-packages\golem\test_runner\test_runner.py", line 173, in run_test
    self.test_module.test(execution.data)
  File "C:\Users\alexandr.may\testdir\projects\some_project\tests\order_finalization.py", line 33, in test
    print(a.get_element_text(new_order_page_form.findElementByTitle('Price', 2, 'orderSummary')))
  File "c:\users\alexandr.may\appdata\local\programs\python\python37-32\lib\site-packages\golem\actions.py", line 1259, in get_element_text
    element = get_browser().find(element)
  File "c:\users\alexandr.may\appdata\local\programs\python\python37-32\lib\site-packages\golem\webdriver\extended_driver.py", line 177, in find
    return common._find(self, **kwargs)
  File "c:\users\alexandr.may\appdata\local\programs\python\python37-32\lib\site-packages\golem\webdriver\common.py", line 118, in _find
    raise IncorrectSelectorType('Selector is not a valid option')
golem.core.exceptions.IncorrectSelectorType: Selector is not a valid option

13:00:18.666 INFO Close browser
13:00:18.728 INFO Test Result: CODE ERROR
