12:46:12.711 INFO Test execution started: order_finalization
12:46:12.712 INFO Browser: chrome-remote
12:46:12.712 INFO Environment: test_env
12:46:12.713 INFO Using data:
    url: http://{}:{}@10.0.1.73:8001/69999/?ReturnUrl=https://crs.qa.kofile.com/69999/Account/ReturnClaim&amp;Referrer=
12:46:13.334 INFO Navigate to: 'http://User1:Automation_1_3@10.0.1.73:8001/69999/?ReturnUrl=https://crs.qa.kofile.com/69999/Account/ReturnClaim&amp;Referrer='
12:46:26.013 INFO Click addNewOrderButton
12:46:27.573 INFO Waiting for 3 seconds
12:46:30.594 INFO Click orderTypeDropdown
12:46:30.709 INFO Click //select[@id='orderTypeId']/option[text()='Alcohol Permit']
12:46:33.691 INFO Write 'test_name' in element nameInput
12:46:33.901 INFO Waiting for 3 seconds
12:46:36.902 INFO Execute javascript code 'window.scrollTo(0, 1000)' with args '()'
12:46:36.944 INFO Click addToOrderButton
12:46:43.002 INFO Click newOrderItemButton
12:46:44.315 INFO Click //select[@id='orderTypeId']/option[text()='Bond to Indemnify - Payment']
12:46:46.420 INFO Write '1' in element numberOfPages
12:46:46.511 INFO Execute javascript code 'window.scrollTo(0, 1000)' with args '()'
12:46:46.598 INFO Click addToOrderButton
12:46:47.384 INFO Waiting for 3 seconds
12:46:50.631 ERROR IncorrectSelectorType: Selector is not a valid option
Traceback (most recent call last):
  File "c:\users\alexandr.may\appdata\local\programs\python\python37-32\lib\site-packages\golem\test_runner\test_runner.py", line 173, in run_test
    self.test_module.test(execution.data)
  File "C:\Users\alexandr.may\testdir\projects\some_project\tests\order_finalization.py", line 33, in test
    print(a.get_element_text(new_order_page_form.findElementByTitle('Price', 2, 'orderSummary')))
  File "c:\users\alexandr.may\appdata\local\programs\python\python37-32\lib\site-packages\golem\actions.py", line 1259, in get_element_text
    element = get_browser().find(element)
  File "c:\users\alexandr.may\appdata\local\programs\python\python37-32\lib\site-packages\golem\webdriver\extended_driver.py", line 177, in find
    return common._find(self, **kwargs)
  File "c:\users\alexandr.may\appdata\local\programs\python\python37-32\lib\site-packages\golem\webdriver\common.py", line 118, in _find
    raise IncorrectSelectorType('Selector is not a valid option')
golem.core.exceptions.IncorrectSelectorType: Selector is not a valid option

12:46:50.793 INFO Close browser
12:46:50.864 INFO Test Result: CODE ERROR
