17:34:28.913 INFO Test execution started: order_creation
17:34:28.914 INFO Browser: chrome
17:34:28.914 INFO Environment: test_env
17:34:28.915 INFO Using data:
    order_type: Real Property Recordings
    document_type: ABANDONMENT
    num_of_pages: 1
    section: GRANTOR
    first_name: fname
    section2: GRANTEE
    parceId: 1
    name: auto test
    payment_method: Cash
    url: http://{}:{}@10.0.1.73:8001/69999/?ReturnUrl=https://crs.qa.kofile.com/69999/Account/ReturnClaim&amp;Referrer=
17:34:32.280 INFO Navigate to: 'http://User1:Automation_1_3@10.0.1.73:8001/69999/?ReturnUrl=https://crs.qa.kofile.com/69999/Account/ReturnClaim&amp;Referrer='
17:34:39.331 INFO Click addNewOrderButton
17:34:40.739 INFO Waiting for 3 seconds
17:34:43.776 INFO Click orderTypeDropdown
17:34:43.888 INFO Click //select[@id='orderTypeId']/option[text()='Real Property Recordings']
17:34:47.249 INFO Click documentTypeDropdown
17:34:47.380 INFO Click //select[@id='Order_OrderItems[0]_Document_DocumentTypeId']/option[text()='ABANDONMENT']
17:34:47.473 INFO Write '1' in element numberOfPages
17:34:47.594 INFO Click partiesTab
17:34:47.806 INFO Write 'fname' in element //div[@class='block-header-with-bg']/label[text()='GRANTOR']/parent::div/following-sibling::div//input[@placeholder='First Name']
17:34:47.975 INFO Write 'fname' in element //div[@class='block-header-with-bg']/label[text()='GRANTEE']/parent::div/following-sibling::div//input[@placeholder='First Name']
17:34:48.127 INFO Click propertiesTab
17:34:48.206 INFO Write '1' in element partiesTab
17:34:48.289 INFO Write 'auto test' in element nameInput
17:34:48.536 INFO Waiting for 3 seconds
17:34:51.537 INFO Execute javascript code 'window.scrollTo(0, 1000)' with args '()'
17:34:51.601 INFO Click addToOrderButton
17:34:58.544 INFO Click checkoutButton
17:35:01.440 INFO Click //select[@class='pagedropdown width80']
17:35:01.548 INFO Click //select[@class='pagedropdown width80']/option[text()='Cash']
17:35:01.630 INFO Write '30.00' in element //ul[@class='horizantal']/li[4]/input
17:35:01.736 INFO Click orderPaymentCheckout
17:35:13.763 INFO Test end
17:35:16.371 INFO Test Result: SUCCESS
