13:02:30.281 INFO Test execution started: order_finalization
13:02:30.282 INFO Browser: chrome-remote
13:02:30.282 INFO Environment: test_env
13:02:30.282 INFO Using data:
    url: http://{}:{}@10.0.1.73:8001/69999/?ReturnUrl=https://crs.qa.kofile.com/69999/Account/ReturnClaim&amp;Referrer=
13:02:30.924 INFO Navigate to: 'http://User1:Automation_1_3@10.0.1.73:8001/69999/?ReturnUrl=https://crs.qa.kofile.com/69999/Account/ReturnClaim&amp;Referrer='
13:02:42.686 INFO Click addNewOrderButton
13:02:44.197 INFO Waiting for 3 seconds
13:02:47.255 INFO Click orderTypeDropdown
13:02:47.403 INFO Click //select[@id='orderTypeId']/option[text()='Alcohol Permit']
13:02:49.987 INFO Write 'test_name' in element nameInput
13:02:50.194 INFO Waiting for 3 seconds
13:02:53.195 INFO Execute javascript code 'window.scrollTo(0, 1000)' with args '()'
13:02:53.235 INFO Click addToOrderButton
13:02:58.278 INFO Click newOrderItemButton
13:02:59.677 INFO Click //select[@id='orderTypeId']/option[text()='Bond to Indemnify - Payment']
13:03:02.442 INFO Write '1' in element numberOfPages
13:03:02.528 INFO Execute javascript code 'window.scrollTo(0, 1000)' with args '()'
13:03:02.572 INFO Click addToOrderButton
13:03:03.431 INFO Waiting for 3 seconds
13:03:06.829 ERROR IncorrectSelectorType: Selector is not a valid option
Traceback (most recent call last):
  File "c:\users\alexandr.may\appdata\local\programs\python\python37-32\lib\site-packages\golem\test_runner\test_runner.py", line 173, in run_test
    self.test_module.test(execution.data)
  File "C:\Users\alexandr.may\testdir\projects\some_project\tests\order_finalization.py", line 33, in test
    print(a.get_element_text(new_order_page_form.findElementByTitle('Price', 2, 'orderSummary')))
  File "c:\users\alexandr.may\appdata\local\programs\python\python37-32\lib\site-packages\golem\actions.py", line 1259, in get_element_text
    element = get_browser().find(element)
  File "c:\users\alexandr.may\appdata\local\programs\python\python37-32\lib\site-packages\golem\webdriver\extended_driver.py", line 177, in find
    return common._find(self, **kwargs)
  File "c:\users\alexandr.may\appdata\local\programs\python\python37-32\lib\site-packages\golem\webdriver\common.py", line 118, in _find
    raise IncorrectSelectorType('Selector is not a valid option')
golem.core.exceptions.IncorrectSelectorType: Selector is not a valid option

13:03:06.989 INFO Close browser
13:03:07.047 INFO Test Result: CODE ERROR
