13:03:39.881 INFO Test execution started: func
13:03:39.882 INFO Browser: chrome
13:03:39.882 INFO Environment: test_env
13:03:39.883 INFO Using data:
    url: http://{}:{}@10.0.1.73:8001/69999/?ReturnUrl=https://crs.qa.kofile.com/69999/Account/ReturnClaim&amp;Referrer=
13:03:43.078 INFO Navigate to: 'http://User1:Automation_1_3@10.0.1.73:8001/69999/?ReturnUrl=https://crs.qa.kofile.com/69999/Account/ReturnClaim&amp;Referrer='
13:03:53.228 INFO Click addNewOrderButton
13:03:54.658 INFO Waiting for 3 seconds
13:03:57.672 INFO Click orderTypeDropdown
13:03:57.770 INFO Click //select[@id='orderTypeId']/option[text()='Alcohol Permit']
13:03:59.249 INFO Write 'test_name' in element nameInput
13:03:59.430 INFO Waiting for 3 seconds
13:04:02.431 INFO Execute javascript code 'window.scrollTo(0, 1000)' with args '()'
13:04:02.493 INFO Click addToOrderButton
13:04:08.289 INFO Click newOrderItemButton
13:04:09.431 INFO Click //select[@id='orderTypeId']/option[text()='Bond to Indemnify - Payment']
13:04:10.893 INFO Write '1' in element numberOfPages
13:04:10.982 INFO Execute javascript code 'window.scrollTo(0, 1000)' with args '()'
13:04:11.010 INFO Click addToOrderButton
13:04:11.957 INFO Waiting for 3 seconds
13:04:14.993 ERROR IncorrectSelectorType: Selector is not a valid option
Traceback (most recent call last):
  File "c:\users\alexandr.may\appdata\local\programs\python\python37-32\lib\site-packages\golem\test_runner\test_runner.py", line 173, in run_test
    self.test_module.test(execution.data)
  File "C:\Users\alexandr.may\testdir\projects\some_project\tests\func.py", line 29, in test
    a.get_element_text(new_order_page_form.titleElements())
  File "c:\users\alexandr.may\appdata\local\programs\python\python37-32\lib\site-packages\golem\actions.py", line 1259, in get_element_text
    element = get_browser().find(element)
  File "c:\users\alexandr.may\appdata\local\programs\python\python37-32\lib\site-packages\golem\webdriver\extended_driver.py", line 177, in find
    return common._find(self, **kwargs)
  File "c:\users\alexandr.may\appdata\local\programs\python\python37-32\lib\site-packages\golem\webdriver\common.py", line 118, in _find
    raise IncorrectSelectorType('Selector is not a valid option')
golem.core.exceptions.IncorrectSelectorType: Selector is not a valid option

13:04:17.588 INFO Test Result: CODE ERROR
