15:46:59.689 INFO Test execution started: order_creation
15:46:59.689 INFO Browser: chrome
15:46:59.689 INFO Environment: test_env
15:46:59.690 INFO Using data:
    order_type: Real Property Recordings
    document_type: ABANDONMENT
    num_of_pages: 1
    section: GRANTOR
    first_name: fname
    section2: GRANTEE
    parceId: 1
    name: auto test
    url: http://{}:{}@10.0.1.73:8001/69999/?ReturnUrl=https://crs.qa.kofile.com/69999/Account/ReturnClaim&amp;Referrer=
15:47:03.000 INFO Navigate to: 'http://User1:Automation_1_3@10.0.1.73:8001/69999/?ReturnUrl=https://crs.qa.kofile.com/69999/Account/ReturnClaim&amp;Referrer='
15:47:12.871 INFO Click addNewOrderButton
15:47:15.710 INFO Waiting for 3 seconds
15:47:18.748 INFO Write 'auto test' in element nameInput
15:47:18.959 INFO Click orderTypeDropdown
15:47:19.129 INFO Click //select[@id='orderTypeId']/option[text()='Real Property Recordings']
15:47:25.820 INFO Click documentTypeDropdown
15:47:25.965 INFO Click //select[@id='Order_OrderItems[0]_Document_DocumentTypeId']/option[text()='ABANDONMENT']
15:47:26.064 INFO Write '1' in element numberOfPages
15:47:26.248 INFO Click partiesTab
15:47:26.349 INFO Write 'fname' in element //div[@class='block-header-with-bg']/label[text()='GRANTOR']/parent::div/following-sibling::div//input[@placeholder='First Name']
15:47:26.547 INFO Write 'fname' in element //div[@class='block-header-with-bg']/label[text()='GRANTEE']/parent::div/following-sibling::div//input[@placeholder='First Name']
15:47:26.746 INFO Click propertiesTab
15:47:26.825 INFO Write '1' in element partiesTab
15:47:26.901 INFO Execute javascript code 'window.scrollTo(0, 1000)' with args '()'
15:47:26.918 INFO Click addToOrderButton
15:47:26.975 INFO Test end
15:47:30.566 INFO Test Result: SUCCESS
