13:55:31.278 INFO Test execution started: func
13:55:31.279 INFO Browser: chrome
13:55:31.279 INFO Environment: test_env
13:55:31.279 INFO Using data:
    url: http://{}:{}@10.0.1.73:8001/69999/?ReturnUrl=https://crs.qa.kofile.com/69999/Account/ReturnClaim&amp;Referrer=
13:55:34.497 INFO Navigate to: 'http://User1:Automation_1_3@10.0.1.73:8001/69999/?ReturnUrl=https://crs.qa.kofile.com/69999/Account/ReturnClaim&amp;Referrer='
13:55:43.031 INFO Click addNewOrderButton
13:55:44.632 INFO Waiting for 3 seconds
13:55:47.664 INFO Click orderTypeDropdown
13:55:47.768 INFO Click //select[@id='orderTypeId']/option[text()='Alcohol Permit']
13:55:50.148 INFO Write 'test_name' in element nameInput
13:55:50.314 INFO Waiting for 3 seconds
13:55:53.315 INFO Execute javascript code 'window.scrollTo(0, 1000)' with args '()'
13:55:53.378 INFO Click addToOrderButton
13:55:59.925 INFO Click newOrderItemButton
13:56:02.411 INFO Click //select[@id='orderTypeId']/option[text()='Bond to Indemnify - Payment']
13:56:03.912 INFO Write '1' in element numberOfPages
13:56:03.990 INFO Execute javascript code 'window.scrollTo(0, 1000)' with args '()'
13:56:04.021 INFO Click addToOrderButton
13:56:04.917 INFO Waiting for 3 seconds
13:56:07.996 ERROR IncorrectSelectorType: Selector is not a valid option
Traceback (most recent call last):
  File "c:\users\alexandr.may\appdata\local\programs\python\python37-32\lib\site-packages\golem\test_runner\test_runner.py", line 173, in run_test
    self.test_module.test(execution.data)
  File "C:\Users\alexandr.may\testdir\projects\some_project\tests\func.py", line 29, in test
    print(new_order_page_form.findElementByTitle('Type', 1))
  File "C:\Users\alexandr.may\testdir\projects\some_project\pages\new_order_page_form.py", line 41, in findElementByTitle
    arr = a.get_element_text(titleElements())
  File "c:\users\alexandr.may\appdata\local\programs\python\python37-32\lib\site-packages\golem\actions.py", line 1259, in get_element_text
    element = get_browser().find(element)
  File "c:\users\alexandr.may\appdata\local\programs\python\python37-32\lib\site-packages\golem\webdriver\extended_driver.py", line 177, in find
    return common._find(self, **kwargs)
  File "c:\users\alexandr.may\appdata\local\programs\python\python37-32\lib\site-packages\golem\webdriver\common.py", line 118, in _find
    raise IncorrectSelectorType('Selector is not a valid option')
golem.core.exceptions.IncorrectSelectorType: Selector is not a valid option

13:56:10.554 INFO Test Result: CODE ERROR
