15:02:42.459 INFO Test execution started: order_creation
15:02:42.465 INFO Browser: chrome
15:02:42.466 INFO Environment: test_env
15:02:42.466 INFO Using data:
    order_type: Real Property Recordings
    document_type: ABANDONMENT
    num_of_pages: 1
    section: GRANTEE
    first_name: fname
    section2: GRANTEE
    parceId: 1
    url: http://{}:{}@10.0.1.73:8001/69999/?ReturnUrl=https://crs.qa.kofile.com/69999/Account/ReturnClaim&amp;Referrer=
15:02:45.732 INFO Navigate to: 'http://User1:Automation_1_3@10.0.1.73:8001/69999/?ReturnUrl=https://crs.qa.kofile.com/69999/Account/ReturnClaim&amp;Referrer='
15:02:53.588 INFO Click addNewOrderButton
15:02:55.623 INFO Waiting for 3 seconds
15:02:58.663 INFO Click orderTypeDropdown
15:02:58.765 INFO Click //select[@id='orderTypeId']/option[text()='Real Property Recordings']
15:03:02.044 INFO Click documentTypeDropdown
15:03:02.192 INFO Click //select[@id='Order_OrderItems[0]_Document_DocumentTypeId']/option[text()='ABANDONMENT']
15:03:02.284 INFO Write '1' in element numberOfPages
15:03:02.408 INFO Click partiesTab
15:03:02.593 INFO Write 'fname' in element //input[@placeholder='First Name']
15:03:02.759 INFO Write 'fname' in element //input[@placeholder='First Name']
15:03:02.859 INFO Click propertiesTab
15:03:17.993 ERROR ElementNotFound: Element .display-inline-block parcelid-field floating-field > input not found using selector css:'.display-inline-block parcelid-field floating-field > input'
Traceback (most recent call last):
  File "c:\users\alexandr.may\appdata\local\programs\python\python37-32\lib\site-packages\golem\test_runner\test_runner.py", line 173, in run_test
    self.test_module.test(execution.data)
  File "C:\Users\alexandr.may\testdir\projects\some_project\tests\order_creation.py", line 25, in test
    a.send_keys(new_order_page_form.parcelIdInput, data.parceId)
  File "c:\users\alexandr.may\appdata\local\programs\python\python37-32\lib\site-packages\golem\actions.py", line 1619, in send_keys
    element = get_browser().find(element)
  File "c:\users\alexandr.may\appdata\local\programs\python\python37-32\lib\site-packages\golem\webdriver\extended_driver.py", line 177, in find
    return common._find(self, **kwargs)
  File "c:\users\alexandr.may\appdata\local\programs\python\python37-32\lib\site-packages\golem\webdriver\common.py", line 122, in _find
    element_name, timeout, wait_displayed)
  File "c:\users\alexandr.may\appdata\local\programs\python\python37-32\lib\site-packages\golem\webdriver\common.py", line 47, in _find_webelement
    .format(element_name, selector_type, selector_value))
golem.core.exceptions.ElementNotFound: Element .display-inline-block parcelid-field floating-field > input not found using selector css:'.display-inline-block parcelid-field floating-field > input'

15:03:20.521 INFO Test Result: CODE ERROR
