14:14:29.105 INFO Test execution started: func
14:14:29.107 INFO Browser: chrome
14:14:29.108 INFO Environment: test_env
14:14:29.108 INFO Using data:
    url: http://{}:{}@10.0.1.73:8001/69999/?ReturnUrl=https://crs.qa.kofile.com/69999/Account/ReturnClaim&amp;Referrer=
14:14:32.316 INFO Navigate to: 'http://User1:Automation_1_3@10.0.1.73:8001/69999/?ReturnUrl=https://crs.qa.kofile.com/69999/Account/ReturnClaim&amp;Referrer='
14:14:43.136 INFO Click addNewOrderButton
14:14:45.556 INFO Waiting for 3 seconds
14:14:48.583 INFO Click orderTypeDropdown
14:14:48.692 INFO Click //select[@id='orderTypeId']/option[text()='Alcohol Permit']
14:14:50.633 INFO Write 'test_name' in element nameInput
14:14:50.829 INFO Waiting for 3 seconds
14:14:53.830 INFO Execute javascript code 'window.scrollTo(0, 1000)' with args '()'
14:14:53.901 INFO Click addToOrderButton
14:14:58.413 INFO Click newOrderItemButton
14:15:00.667 INFO Click //select[@id='orderTypeId']/option[text()='Bond to Indemnify - Payment']
14:15:04.565 INFO Write '1' in element numberOfPages
14:15:04.675 INFO Execute javascript code 'window.scrollTo(0, 1000)' with args '()'
14:15:04.702 INFO Click addToOrderButton
14:15:05.651 INFO Waiting for 3 seconds
14:15:11.004 INFO Test end
14:15:13.552 INFO Test Result: SUCCESS
