16:14:18.572 INFO Test execution started: order_creation
16:14:18.573 INFO Browser: chrome
16:14:18.573 INFO Environment: test_env
16:14:18.573 INFO Using data:
    order_type: Real Property Recordings
    document_type: ABANDONMENT
    num_of_pages: 1
    section: GRANTOR
    first_name: fname
    section2: GRANTEE
    parceId: 1
    name: auto test
    payment_method: Cash
    url: http://{}:{}@10.0.1.73:8001/69999/?ReturnUrl=https://crs.qa.kofile.com/69999/Account/ReturnClaim&amp;Referrer=
16:14:21.816 INFO Navigate to: 'http://User1:Automation_1_3@10.0.1.73:8001/69999/?ReturnUrl=https://crs.qa.kofile.com/69999/Account/ReturnClaim&amp;Referrer='
16:14:28.927 INFO Click addNewOrderButton
16:14:30.300 INFO Waiting for 3 seconds
16:14:33.318 INFO Click orderTypeDropdown
16:14:33.426 INFO Click //select[@id='orderTypeId']/option[text()='Real Property Recordings']
16:14:37.686 INFO Click documentTypeDropdown
16:14:37.816 INFO Click //select[@id='Order_OrderItems[0]_Document_DocumentTypeId']/option[text()='ABANDONMENT']
16:14:37.910 INFO Write '1' in element numberOfPages
16:14:38.029 INFO Click partiesTab
16:14:38.216 INFO Write 'fname' in element //div[@class='block-header-with-bg']/label[text()='GRANTOR']/parent::div/following-sibling::div//input[@placeholder='First Name']
16:14:38.395 INFO Write 'fname' in element //div[@class='block-header-with-bg']/label[text()='GRANTEE']/parent::div/following-sibling::div//input[@placeholder='First Name']
16:14:38.559 INFO Click propertiesTab
16:14:38.627 INFO Write '1' in element partiesTab
16:14:38.710 INFO Write 'auto test' in element nameInput
16:14:38.967 INFO Waiting for 3 seconds
16:14:41.968 INFO Execute javascript code 'window.scrollTo(0, 1000)' with args '()'
16:14:42.030 INFO Click addToOrderButton
16:14:48.239 INFO Click checkoutButton
16:15:06.008 ERROR ElementNotFound: Element paymentMethodDropdown not found using selector css:'.pagedropdown width80'
Traceback (most recent call last):
  File "c:\users\alexandr.may\appdata\local\programs\python\python37-32\lib\site-packages\golem\test_runner\test_runner.py", line 173, in run_test
    self.test_module.test(execution.data)
  File "C:\Users\alexandr.may\testdir\projects\some_project\tests\order_creation.py", line 33, in test
    a.click(new_order_page_form.paymentMethodDropdown)
  File "c:\users\alexandr.may\appdata\local\programs\python\python37-32\lib\site-packages\golem\actions.py", line 983, in click
    element = browser.get_browser().find(element)
  File "c:\users\alexandr.may\appdata\local\programs\python\python37-32\lib\site-packages\golem\webdriver\extended_driver.py", line 177, in find
    return common._find(self, **kwargs)
  File "c:\users\alexandr.may\appdata\local\programs\python\python37-32\lib\site-packages\golem\webdriver\common.py", line 122, in _find
    element_name, timeout, wait_displayed)
  File "c:\users\alexandr.may\appdata\local\programs\python\python37-32\lib\site-packages\golem\webdriver\common.py", line 47, in _find_webelement
    .format(element_name, selector_type, selector_value))
golem.core.exceptions.ElementNotFound: Element paymentMethodDropdown not found using selector css:'.pagedropdown width80'

16:15:08.580 INFO Test Result: CODE ERROR
