14:51:17.861 INFO Test execution started: order_capturing
14:51:17.862 INFO Browser: chrome
14:51:17.862 INFO Environment: test_env
14:51:17.863 INFO Using data:
    doc_group: REAL PROPERTY
    doc_type: ABANDONMENT
    url: http://{}:{}@10.0.1.73:8001/69999/?ReturnUrl=https://crs.qa.kofile.com/69999/Account/ReturnClaim&amp;Referrer=
14:51:21.113 INFO Navigate to: 'http://User1:Automation_1_3@10.0.1.73:8001/69999/?ReturnUrl=https://crs.qa.kofile.com/69999/Account/ReturnClaim&amp;Referrer='
14:51:35.391 INFO Click captureTab
14:51:39.953 INFO Waiting for 3 seconds
14:51:42.997 INFO Click startScanButton
14:51:46.832 INFO Waiting for 3 seconds
14:51:49.858 INFO Click //a[@class='startBatchScanBtn clickable']
14:51:49.934 INFO Waiting for 30 seconds
14:52:34.965 ERROR ElementNotFound: Element editButton not found using selector css:'.orderAdminiconedit'
Traceback (most recent call last):
  File "c:\users\alexandr.may\appdata\local\programs\python\python37-32\lib\site-packages\golem\test_runner\test_runner.py", line 173, in run_test
    self.test_module.test(execution.data)
  File "C:\Users\alexandr.may\testdir\projects\some_project\tests\order_capturing.py", line 22, in test
    a.click(capture_tab_page.editButton)
  File "c:\users\alexandr.may\appdata\local\programs\python\python37-32\lib\site-packages\golem\actions.py", line 983, in click
    element = browser.get_browser().find(element)
  File "c:\users\alexandr.may\appdata\local\programs\python\python37-32\lib\site-packages\golem\webdriver\extended_driver.py", line 177, in find
    return common._find(self, **kwargs)
  File "c:\users\alexandr.may\appdata\local\programs\python\python37-32\lib\site-packages\golem\webdriver\common.py", line 122, in _find
    element_name, timeout, wait_displayed)
  File "c:\users\alexandr.may\appdata\local\programs\python\python37-32\lib\site-packages\golem\webdriver\common.py", line 47, in _find_webelement
    .format(element_name, selector_type, selector_value))
golem.core.exceptions.ElementNotFound: Element editButton not found using selector css:'.orderAdminiconedit'

14:52:37.525 INFO Test Result: CODE ERROR
