14:14:35.709 INFO Test execution started: order_creation
14:14:35.710 INFO Browser: chrome
14:14:35.715 INFO Environment: test_env
14:14:35.716 INFO Using data:
    order_type: Real Property Recordings
    document_type: ABANDONMENT
    num_of_pages: 1
    section: GRANTOR
    first_name: fname
    section2: GRANTEE
    parceId: 1
    url: http://{}:{}@10.0.1.73:8001/69999/?ReturnUrl=https://crs.qa.kofile.com/69999/Account/ReturnClaim&amp;Referrer=
14:14:39.088 INFO Navigate to: 'http://User1:Automation_1_3@10.0.1.73:8001/69999/?ReturnUrl=https://crs.qa.kofile.com/69999/Account/ReturnClaim&amp;Referrer='
14:14:51.982 INFO Click addNewOrderButton
14:14:54.451 INFO Waiting for 3 seconds
14:14:57.491 INFO Click orderTypeDropdown
14:14:57.618 INFO Click //select[@id='orderTypeId']/option[text()='Real Property Recordings']
14:15:04.102 INFO Click documentTypeDropdown
14:15:04.231 INFO Click //select[@id='Order_OrderItems[0]_Document_DocumentTypeId']/option[text()='ABANDONMENT']
14:15:04.319 INFO Test end
14:15:06.872 INFO Test Result: SUCCESS
