14:16:05.531 INFO Test execution started: func
14:16:05.531 INFO Browser: chrome
14:16:05.532 INFO Environment: test_env
14:16:05.532 INFO Using data:
    url: http://{}:{}@10.0.1.73:8001/69999/?ReturnUrl=https://crs.qa.kofile.com/69999/Account/ReturnClaim&amp;Referrer=
14:16:08.757 INFO Navigate to: 'http://User1:Automation_1_3@10.0.1.73:8001/69999/?ReturnUrl=https://crs.qa.kofile.com/69999/Account/ReturnClaim&amp;Referrer='
14:16:25.356 INFO Click addNewOrderButton
14:16:27.324 INFO Waiting for 3 seconds
14:16:30.366 INFO Click orderTypeDropdown
14:16:30.487 INFO Click //select[@id='orderTypeId']/option[text()='Alcohol Permit']
14:16:33.240 INFO Write 'test_name' in element nameInput
14:16:33.438 INFO Waiting for 3 seconds
14:16:36.441 INFO Execute javascript code 'window.scrollTo(0, 1000)' with args '()'
14:16:36.502 INFO Click addToOrderButton
14:16:42.215 INFO Click newOrderItemButton
14:16:43.842 INFO Click //select[@id='orderTypeId']/option[text()='Bond to Indemnify - Payment']
14:16:46.086 INFO Write '1' in element numberOfPages
14:16:46.176 INFO Execute javascript code 'window.scrollTo(0, 1000)' with args '()'
14:16:46.197 INFO Click addToOrderButton
14:16:47.208 INFO Waiting for 3 seconds
14:16:55.566 INFO Test end
14:16:58.095 INFO Test Result: SUCCESS
