14:52:52.482 INFO Test execution started: order_capturing
14:52:52.482 INFO Browser: chrome
14:52:52.483 INFO Environment: test_env
14:52:52.483 INFO Using data:
    doc_group: REAL PROPERTY
    doc_type: ABANDONMENT
    url: http://{}:{}@10.0.1.73:8001/69999/?ReturnUrl=https://crs.qa.kofile.com/69999/Account/ReturnClaim&amp;Referrer=
14:52:55.729 INFO Navigate to: 'http://User1:Automation_1_3@10.0.1.73:8001/69999/?ReturnUrl=https://crs.qa.kofile.com/69999/Account/ReturnClaim&amp;Referrer='
14:53:03.407 INFO Click captureTab
14:53:07.556 INFO Waiting for 3 seconds
14:53:10.568 INFO Click startScanButton
14:53:15.922 INFO Waiting for 3 seconds
14:53:18.936 INFO Click //a[@class='startBatchScanBtn clickable']
14:53:18.982 INFO Waiting for 40 seconds
14:53:59.013 INFO Click editButton
14:53:59.140 INFO Write 'REAL PROPERTY' in element //div[@class='floating-field']/input
14:53:59.304 INFO Press key: 'DOWN' in element //div[@class='floating-field']/input
14:53:59.326 INFO Press key: 'ENTER' in element //div[@class='floating-field']/input
14:53:59.348 INFO Write 'ABANDONMENT' in element //div[@class='floating-field']/input
14:53:59.482 INFO Press key: 'DOWN' in element //div[@class='floating-field']/input
14:53:59.502 INFO Press key: 'ENTER' in element //div[@class='floating-field']/input
14:53:59.527 INFO Write '6446' in element //div[@class='floating-field']/input
14:53:59.616 INFO Write '4' in element //div[@class='floating-field']/input
14:53:59.656 INFO Waiting for 5 seconds
14:54:04.657 INFO Test end
14:54:07.195 INFO Test Result: SUCCESS
