15:51:00.804 INFO Test execution started: order_creation
15:51:00.804 INFO Browser: chrome
15:51:00.805 INFO Environment: test_env
15:51:00.805 INFO Using data:
    order_type: Real Property Recordings
    document_type: ABANDONMENT
    num_of_pages: 1
    section: GRANTOR
    first_name: fname
    section2: GRANTEE
    parceId: 1
    name: auto test
    url: http://{}:{}@10.0.1.73:8001/69999/?ReturnUrl=https://crs.qa.kofile.com/69999/Account/ReturnClaim&amp;Referrer=
15:51:04.091 INFO Navigate to: 'http://User1:Automation_1_3@10.0.1.73:8001/69999/?ReturnUrl=https://crs.qa.kofile.com/69999/Account/ReturnClaim&amp;Referrer='
15:51:12.601 INFO Click addNewOrderButton
15:51:13.981 INFO Waiting for 3 seconds
15:51:17.007 INFO Click orderTypeDropdown
15:51:17.102 INFO Click //select[@id='orderTypeId']/option[text()='Real Property Recordings']
15:51:19.760 INFO Click documentTypeDropdown
15:51:19.883 INFO Click //select[@id='Order_OrderItems[0]_Document_DocumentTypeId']/option[text()='ABANDONMENT']
15:51:20.002 INFO Write '1' in element numberOfPages
15:51:20.153 INFO Click partiesTab
15:51:20.275 INFO Write 'fname' in element //div[@class='block-header-with-bg']/label[text()='GRANTOR']/parent::div/following-sibling::div//input[@placeholder='First Name']
15:51:20.441 INFO Write 'fname' in element //div[@class='block-header-with-bg']/label[text()='GRANTEE']/parent::div/following-sibling::div//input[@placeholder='First Name']
15:51:20.686 INFO Click propertiesTab
15:51:20.767 INFO Write '1' in element partiesTab
15:51:20.851 INFO Write 'auto test' in element nameInput
15:51:21.090 INFO Waiting for 2 seconds
15:51:23.091 INFO Execute javascript code 'window.scrollTo(0, 1000)' with args '()'
15:51:23.141 INFO Click addToOrderButton
15:51:24.045 INFO Waiting for 10 seconds
15:51:34.048 INFO Test end
15:51:36.722 INFO Test Result: SUCCESS
