14:57:58.357 INFO Test execution started: order_creation
14:57:58.357 INFO Browser: chrome
14:57:58.357 INFO Environment: test_env
14:57:58.358 INFO Using data:
    order_type: Real Property Recordings
    document_type: ABANDONMENT
    num_of_pages: 1
    section: GRANTEE
    first_name: fname
    section2: GRANTEE
    parceId: 1
    url: http://{}:{}@10.0.1.73:8001/69999/?ReturnUrl=https://crs.qa.kofile.com/69999/Account/ReturnClaim&amp;Referrer=
14:58:01.525 INFO Navigate to: 'http://User1:Automation_1_3@10.0.1.73:8001/69999/?ReturnUrl=https://crs.qa.kofile.com/69999/Account/ReturnClaim&amp;Referrer='
14:58:08.505 INFO Click addNewOrderButton
14:58:09.937 INFO Waiting for 3 seconds
14:58:12.976 INFO Click orderTypeDropdown
14:58:13.097 INFO Click //select[@id='orderTypeId']/option[text()='Real Property Recordings']
14:58:15.291 INFO Click documentTypeDropdown
14:58:15.427 INFO Click //select[@id='Order_OrderItems[0]_Document_DocumentTypeId']/option[text()='ABANDONMENT']
14:58:15.536 INFO Write '1' in element numberOfPages
14:58:15.651 INFO Click partiesTab
14:58:31.105 ERROR ElementNotFound: Element //div[@class='block-header-with-bg']/label[text()='GRANTEE']/parent::div/ not found using selector xpath:'//div[@class='block-header-with-bg']/label[text()='GRANTEE']/parent::div/'
Traceback (most recent call last):
  File "c:\users\alexandr.may\appdata\local\programs\python\python37-32\lib\site-packages\golem\test_runner\test_runner.py", line 173, in run_test
    self.test_module.test(execution.data)
  File "C:\Users\alexandr.may\testdir\projects\some_project\tests\order_creation.py", line 22, in test
    a.send_keys(new_order_page_form.firstNameInput(data.section), data.first_name)
  File "C:\Users\alexandr.may\testdir\projects\some_project\pages\new_order_page_form.py", line 9, in firstNameInput
    return partiesSection('GRANTEE').find(xpath="//input[@placeholder='First Name']")
  File "C:\Users\alexandr.may\testdir\projects\some_project\pages\new_order_page_form.py", line 6, in partiesSection
    return golemDriver.find(xpath="//div[@class='block-header-with-bg']/label[text()='{}']/parent::div/".format(text))
  File "c:\users\alexandr.may\appdata\local\programs\python\python37-32\lib\site-packages\golem\webdriver\extended_driver.py", line 177, in find
    return common._find(self, **kwargs)
  File "c:\users\alexandr.may\appdata\local\programs\python\python37-32\lib\site-packages\golem\webdriver\common.py", line 122, in _find
    element_name, timeout, wait_displayed)
  File "c:\users\alexandr.may\appdata\local\programs\python\python37-32\lib\site-packages\golem\webdriver\common.py", line 47, in _find_webelement
    .format(element_name, selector_type, selector_value))
golem.core.exceptions.ElementNotFound: Element //div[@class='block-header-with-bg']/label[text()='GRANTEE']/parent::div/ not found using selector xpath:'//div[@class='block-header-with-bg']/label[text()='GRANTEE']/parent::div/'

14:58:33.623 INFO Test Result: CODE ERROR
