13:24:10.315 INFO Test execution started: order_capturing
13:24:10.315 INFO Browser: chrome
13:24:10.316 INFO Environment: test_env
13:24:10.316 INFO Using data:
    url: http://{}:{}@10.0.1.73:8001/69999/?ReturnUrl=https://crs.qa.kofile.com/69999/Account/ReturnClaim&amp;Referrer=
13:24:13.471 INFO Navigate to: 'http://User1:Automation_1_3@10.0.1.73:8001/69999/?ReturnUrl=https://crs.qa.kofile.com/69999/Account/ReturnClaim&amp;Referrer='
13:24:22.458 INFO Click captureTab
13:24:25.658 INFO Waiting for 3 seconds
13:24:28.697 INFO Click startScanButton
13:24:32.219 INFO Waiting for 3 seconds
13:24:35.273 INFO Click //a[@class='startBatchScanBtn clickable']
13:24:35.328 INFO Waiting for 20 seconds
13:24:55.367 INFO Click editButton
13:25:10.822 ERROR ElementNotFound: Element //input[@data-bind='numeric: Pages, valueUpdate:'blur''] not found using selector xpath:'//input[@data-bind='numeric: Pages, valueUpdate:'blur'']'
Traceback (most recent call last):
  File "c:\users\alexandr.may\appdata\local\programs\python\python37-32\lib\site-packages\golem\test_runner\test_runner.py", line 173, in run_test
    self.test_module.test(execution.data)
  File "C:\Users\alexandr.may\testdir\projects\some_project\tests\order_capturing.py", line 23, in test
    a.send_keys(capture_tab_page.pagesInput, '4')
  File "c:\users\alexandr.may\appdata\local\programs\python\python37-32\lib\site-packages\golem\actions.py", line 1619, in send_keys
    element = get_browser().find(element)
  File "c:\users\alexandr.may\appdata\local\programs\python\python37-32\lib\site-packages\golem\webdriver\extended_driver.py", line 177, in find
    return common._find(self, **kwargs)
  File "c:\users\alexandr.may\appdata\local\programs\python\python37-32\lib\site-packages\golem\webdriver\common.py", line 122, in _find
    element_name, timeout, wait_displayed)
  File "c:\users\alexandr.may\appdata\local\programs\python\python37-32\lib\site-packages\golem\webdriver\common.py", line 47, in _find_webelement
    .format(element_name, selector_type, selector_value))
golem.core.exceptions.ElementNotFound: Element //input[@data-bind='numeric: Pages, valueUpdate:'blur''] not found using selector xpath:'//input[@data-bind='numeric: Pages, valueUpdate:'blur'']'

13:25:13.310 INFO Test Result: CODE ERROR
