11:46:21.305 INFO Test execution started: order_finalization
11:46:21.306 INFO Browser: chrome
11:46:21.306 INFO Environment: test_env
11:46:21.307 INFO Using data:
    url: http://{}:{}@10.0.1.73:8001/69999/?ReturnUrl=https://crs.qa.kofile.com/69999/Account/ReturnClaim&amp;Referrer=
11:46:24.690 INFO Navigate to: 'http://User1:Automation_1_3@10.0.1.73:8001/69999/?ReturnUrl=https://crs.qa.kofile.com/69999/Account/ReturnClaim&amp;Referrer='
11:46:34.221 INFO Click addNewOrderButton
11:46:35.666 INFO Waiting for 3 seconds
11:46:38.679 INFO Click orderTypeDropdown
11:46:38.766 INFO Click //select[@id='orderTypeId']/option[text()='Alcohol Permit']
11:46:41.033 INFO Write 'test_name' in element nameInput
11:46:41.229 INFO Waiting for 3 seconds
11:46:44.230 INFO Execute javascript code 'window.scrollTo(0, 1000)' with args '()'
11:46:44.259 INFO Click addToOrderButton
11:46:48.894 INFO Click newOrderItemButton
11:46:50.384 INFO Click //select[@id='orderTypeId']/option[text()='Bond to Indemnify - Payment']
11:46:51.838 INFO Write '1' in element numberOfPages
11:46:51.924 INFO Execute javascript code 'window.scrollTo(0, 1000)' with args '()'
11:46:51.947 INFO Click addToOrderButton
11:46:52.792 INFO Waiting for 3 seconds
11:46:58.605 INFO Test Result: CODE ERROR
