11:34:55.394 INFO Test execution started: func
11:34:55.394 INFO Browser: chrome
11:34:55.394 INFO Environment: test_env
11:34:55.395 INFO Using data:
    url: http://{}:{}@10.0.1.73:8001/69999/?ReturnUrl=https://crs.qa.kofile.com/69999/Account/ReturnClaim&amp;Referrer=
11:34:58.589 INFO Navigate to: 'http://User1:Automation_1_3@10.0.1.73:8001/69999/?ReturnUrl=https://crs.qa.kofile.com/69999/Account/ReturnClaim&amp;Referrer='
11:35:07.961 INFO Click addNewOrderButton
11:35:09.382 INFO Waiting for 3 seconds
11:35:12.417 INFO Click orderTypeDropdown
11:35:12.534 INFO Click //select[@id='orderTypeId']/option[text()='Alcohol Permit']
11:35:14.564 INFO Write 'test_name' in element nameInput
11:35:14.745 INFO Execute javascript code 'window.scrollTo(0, 1000)' with args '()'
11:35:14.778 INFO Click addToOrderButton
11:35:30.440 ERROR ElementNotFound: Element newOrderItemButton not found using selector css:'#newOrderItem > a'
Traceback (most recent call last):
  File "c:\users\alexandr.may\appdata\local\programs\python\python37-32\lib\site-packages\golem\test_runner\test_runner.py", line 173, in run_test
    self.test_module.test(execution.data)
  File "C:\Users\alexandr.may\testdir\projects\some_project\tests\func.py", line 22, in test
    a.click(new_order_page_form.newOrderItemButton)
  File "c:\users\alexandr.may\appdata\local\programs\python\python37-32\lib\site-packages\golem\actions.py", line 983, in click
    element = browser.get_browser().find(element)
  File "c:\users\alexandr.may\appdata\local\programs\python\python37-32\lib\site-packages\golem\webdriver\extended_driver.py", line 177, in find
    return common._find(self, **kwargs)
  File "c:\users\alexandr.may\appdata\local\programs\python\python37-32\lib\site-packages\golem\webdriver\common.py", line 122, in _find
    element_name, timeout, wait_displayed)
  File "c:\users\alexandr.may\appdata\local\programs\python\python37-32\lib\site-packages\golem\webdriver\common.py", line 47, in _find_webelement
    .format(element_name, selector_type, selector_value))
golem.core.exceptions.ElementNotFound: Element newOrderItemButton not found using selector css:'#newOrderItem > a'

11:35:32.988 INFO Test Result: CODE ERROR
