11:11:20.846 INFO Test execution started: func2
11:11:20.846 INFO Browser: chrome
11:11:20.847 INFO Environment: test_env
11:11:20.847 INFO Using data:
    url: http://{}:{}@10.0.1.73:8001/69999/?ReturnUrl=https://crs.qa.kofile.com/69999/Account/ReturnClaim&amp;Referrer=
11:11:24.063 INFO Navigate to: 'http://User1:Automation_1_3@10.0.1.73:8001/69999/?ReturnUrl=https://crs.qa.kofile.com/69999/Account/ReturnClaim&amp;Referrer='
11:11:32.561 INFO Click addNewOrderButton
11:11:34.022 INFO Waiting for 3 seconds
11:11:37.043 INFO Click orderTypeDropdown
11:11:37.157 INFO Click //select[@id='orderTypeId']/option[text()='Governmentals']
11:11:39.625 INFO Write 'test_name' in element nameInput
11:11:39.808 INFO Waiting for 3 seconds
11:11:42.848 INFO Click documentTypeDropdown
11:11:42.968 INFO Click //select[@id='Order_OrderItems[0]_Document_DocumentTypeId']/option[text()='ADOPTION PETITION']
11:11:43.039 INFO Write '1' in element numberOfPages
11:11:43.148 INFO Execute javascript code 'window.scrollTo(0, 1000)' with args '()'
11:11:43.176 INFO Click addToOrderButton
11:11:44.205 ERROR IndexError: list index out of range
Traceback (most recent call last):
  File "c:\users\alexandr.may\appdata\local\programs\python\python37-32\lib\site-packages\golem\test_runner\test_runner.py", line 173, in run_test
    self.test_module.test(execution.data)
  File "C:\Users\alexandr.may\testdir\projects\some_project\tests\func2.py", line 29, in test
    print(a.get_element_text(table.findElementByTitle('none', 3)))
  File "C:\Users\alexandr.may\testdir\projects\some_project\pages\new_order_page_form.py", line 67, in findElementByTitle
    return rawElements(raw)[1]
IndexError: list index out of range

11:11:46.962 INFO Test Result: CODE ERROR
