14:59:25.574 INFO Test execution started: order_capturing
14:59:25.575 INFO Browser: chrome
14:59:25.575 INFO Environment: test_env
14:59:25.576 INFO Using data:
    doc_group: REAL PROPERTY
    doc_type: ABANDONMENT
    url: http://{}:{}@10.0.1.73:8001/69999/?ReturnUrl=https://crs.qa.kofile.com/69999/Account/ReturnClaim&amp;Referrer=
14:59:28.782 INFO Navigate to: 'http://User1:Automation_1_3@10.0.1.73:8001/69999/?ReturnUrl=https://crs.qa.kofile.com/69999/Account/ReturnClaim&amp;Referrer='
14:59:35.804 INFO Click captureTab
14:59:39.062 INFO Waiting for 3 seconds
14:59:42.087 INFO Click startScanButton
14:59:46.218 INFO Waiting for 3 seconds
14:59:49.239 INFO Click //a[@class='startBatchScanBtn clickable']
14:59:49.297 INFO Waiting for 40 seconds
15:00:29.311 INFO Click editButton
15:00:29.420 INFO Write 'REAL PROPERTY' in element //div[@class='floating-field']/input
15:00:29.571 INFO Waiting for 2 seconds
15:00:31.598 INFO Press key: 'ENTER' in element //div[@class='floating-field']/input
15:00:31.652 INFO Write 'ABANDONMENT' in element //div[@class='floating-field']/input
15:00:31.783 INFO Waiting for 2 seconds
15:00:33.815 INFO Press key: 'ENTER' in element //div[@class='floating-field']/input
15:00:33.858 INFO Write '6446' in element //div[@class='floating-field']/input
15:00:33.967 INFO Write '4' in element //div[@class='floating-field']/input
15:00:34.012 INFO Waiting for 5 seconds
15:00:39.013 INFO Test end
15:00:41.548 INFO Test Result: SUCCESS
