14:57:13.972 INFO Test execution started: order_capturing
14:57:13.972 INFO Browser: chrome
14:57:13.973 INFO Environment: test_env
14:57:13.973 INFO Using data:
    doc_group: REAL PROPERTY
    doc_type: ABANDONMENT
    url: http://{}:{}@10.0.1.73:8001/69999/?ReturnUrl=https://crs.qa.kofile.com/69999/Account/ReturnClaim&amp;Referrer=
14:57:17.264 INFO Navigate to: 'http://User1:Automation_1_3@10.0.1.73:8001/69999/?ReturnUrl=https://crs.qa.kofile.com/69999/Account/ReturnClaim&amp;Referrer='
14:57:29.703 INFO Click captureTab
14:57:34.058 INFO Waiting for 3 seconds
14:57:37.095 INFO Click startScanButton
14:57:42.037 INFO Waiting for 3 seconds
14:57:45.079 INFO Click //a[@class='startBatchScanBtn clickable']
14:57:45.160 INFO Waiting for 40 seconds
14:58:25.202 INFO Click editButton
14:58:25.337 INFO Write 'REAL PROPERTY' in element //div[@class='floating-field']/input
14:58:25.488 INFO Waiting for 2 seconds
14:58:27.519 INFO Press key: 'DOWN' in element //div[@class='floating-field']/input
14:58:27.573 INFO Waiting for 2 seconds
14:58:29.593 INFO Press key: 'ENTER' in element //div[@class='floating-field']/input
14:58:29.626 INFO Waiting for 2 seconds
14:58:31.646 INFO Write 'ABANDONMENT' in element //div[@class='floating-field']/input
14:58:31.845 INFO Waiting for 2 seconds
14:58:33.873 INFO Press key: 'DOWN' in element //div[@class='floating-field']/input
14:58:33.909 INFO Waiting for 2 seconds
14:58:35.922 INFO Press key: 'ENTER' in element //div[@class='floating-field']/input
14:58:35.953 INFO Waiting for 2 seconds
14:58:37.983 INFO Write '6446' in element //div[@class='floating-field']/input
14:58:38.123 INFO Write '4' in element //div[@class='floating-field']/input
14:58:38.163 INFO Waiting for 5 seconds
14:58:43.164 INFO Test end
14:58:45.693 INFO Test Result: SUCCESS
