18:03:22.637 INFO Test execution started: capture
18:03:22.638 INFO Browser: chrome
18:03:22.638 INFO Environment: test_env
18:03:22.639 INFO Using data:
    url: http://{}:{}@10.0.1.73:8001/69999/?ReturnUrl=https://crs.qa.kofile.com/69999/Account/ReturnClaim&amp;Referrer=
18:03:25.834 INFO Navigate to: 'http://User1:Automation_1_3@10.0.1.73:8001/69999/?ReturnUrl=https://crs.qa.kofile.com/69999/Account/ReturnClaim&amp;Referrer='
18:03:35.702 INFO Click verificationTab
18:03:35.793 INFO Waiting for 3 seconds
18:03:53.967 ERROR ElementNotFound: Element //table//td[contains(text(),'10151901')]/following-sibling::td[11] not found using selector xpath:'//table//td[contains(text(),'10151901')]/following-sibling::td[11]'
Traceback (most recent call last):
  File "c:\users\alexandr.may\appdata\local\programs\python\python37-32\lib\site-packages\golem\test_runner\test_runner.py", line 173, in run_test
    self.test_module.test(execution.data)
  File "C:\Users\alexandr.may\testdir\projects\some_project\tests\capture.py", line 20, in test
    a.click(new_order_page_form.runningManByDocNumber('10151901', 11))
  File "C:\Users\alexandr.may\testdir\projects\some_project\pages\new_order_page_form.py", line 49, in runningManByDocNumber
    return golemDriver.find(xpath="//table//td[contains(text(),'{}')]/following-sibling::td[{}]".format(docNumber, columnIndex))
  File "c:\users\alexandr.may\appdata\local\programs\python\python37-32\lib\site-packages\golem\webdriver\extended_driver.py", line 177, in find
    return common._find(self, **kwargs)
  File "c:\users\alexandr.may\appdata\local\programs\python\python37-32\lib\site-packages\golem\webdriver\common.py", line 122, in _find
    element_name, timeout, wait_displayed)
  File "c:\users\alexandr.may\appdata\local\programs\python\python37-32\lib\site-packages\golem\webdriver\common.py", line 47, in _find_webelement
    .format(element_name, selector_type, selector_value))
golem.core.exceptions.ElementNotFound: Element //table//td[contains(text(),'10151901')]/following-sibling::td[11] not found using selector xpath:'//table//td[contains(text(),'10151901')]/following-sibling::td[11]'

18:03:54.337 INFO Close browser
18:03:56.514 INFO Test Result: CODE ERROR
